\BOOKMARK [0][-]{chapter.1}{\376\377\000R\000e\000f\000e\000r\000e\000n\000c\000e}{}% 1
\BOOKMARK [1][-]{section.1.1}{\376\377\000m\000o\000d\000u\000l\000e\000s}{chapter.1}% 2
\BOOKMARK [2][-]{subsection.1.1.1}{\376\377\000m\000d\000o\000f\000.\000m\000a\000r\000k\000o\000v\000\040\000m\000o\000d\000u\000l\000e}{section.1.1}% 3
\BOOKMARK [2][-]{subsection.1.1.2}{\376\377\000m\000d\000o\000f\000.\000r\000e\000a\000l\000i\000z\000e\000\040\000m\000o\000d\000u\000l\000e}{section.1.1}% 4
\BOOKMARK [2][-]{subsection.1.1.3}{\376\377\000m\000d\000o\000f\000.\000m\000o\000d\000a\000l\000\040\000m\000o\000d\000u\000l\000e}{section.1.1}% 5
\BOOKMARK [2][-]{subsection.1.1.4}{\376\377\000m\000d\000o\000f\000.\000t\000r\000a\000n\000s\000f\000o\000r\000m\000\040\000m\000o\000d\000u\000l\000e}{section.1.1}% 6
\BOOKMARK [1][-]{section.1.2}{\376\377\000t\000o\000p\000-\000l\000e\000v\000e\000l\000\040\000f\000u\000n\000c\000t\000i\000o\000n\000s}{chapter.1}% 7
\BOOKMARK [0][-]{chapter.2}{\376\377\000T\000h\000e\000o\000r\000y}{}% 8
\BOOKMARK [1][-]{section.2.1}{\376\377\000S\000t\000a\000t\000e\000\040\000S\000p\000a\000c\000e\000\040\000M\000o\000d\000e\000l\000\040\000o\000f\000\040\000S\000t\000r\000u\000c\000t\000u\000r\000a\000l\000\040\000D\000y\000n\000a\000m\000i\000c\000s}{chapter.2}% 9
\BOOKMARK [2][-]{subsection.2.1.1}{\376\377\000P\000a\000r\000t\000i\000t\000i\000o\000n\000e\000d\000\040\000E\000q\000u\000a\000t\000i\000o\000n\000\040\000o\000f\000\040\000D\000y\000n\000a\000m\000i\000c\000\040\000E\000q\000u\000i\000l\000i\000b\000r\000i\000u\000m}{section.2.1}% 10
\BOOKMARK [2][-]{subsection.2.1.2}{\376\377\000E\000q\000u\000a\000t\000i\000o\000n\000\040\000o\000f\000\040\000M\000o\000t\000i\000o\000n}{section.2.1}% 11
\BOOKMARK [2][-]{subsection.2.1.3}{\376\377\000C\000o\000n\000t\000i\000n\000u\000o\000u\000s\000\040\000L\000T\000I\000\040\000S\000t\000a\000t\000e\000-\000S\000p\000a\000c\000e\000\040\000R\000e\000p\000r\000e\000s\000e\000n\000t\000a\000t\000i\000o\000n}{section.2.1}% 12
\BOOKMARK [2][-]{subsection.2.1.4}{\376\377\000D\000i\000s\000c\000r\000e\000t\000e\000\040\000L\000T\000I\000\040\000S\000t\000a\000t\000e\000-\000S\000p\000a\000c\000e\000\040\000R\000e\000p\000r\000e\000s\000e\000n\000t\000a\000t\000i\000o\000n}{section.2.1}% 13
\BOOKMARK [1][-]{section.2.2}{\376\377\000E\000i\000g\000e\000n\000s\000y\000s\000t\000e\000m\000\040\000R\000e\000a\000l\000i\000z\000a\000t\000i\000o\000n\000\040\000A\000l\000g\000o\000r\000i\000t\000h\000m\000\040\000\050\000E\000R\000A\000\051}{chapter.2}% 14
\BOOKMARK [1][-]{section.2.3}{\376\377\000O\000b\000s\000e\000r\000v\000e\000r\000\040\000K\000a\000l\000m\000a\000n\000\040\000F\000i\000l\000t\000e\000r\000\040\000I\000d\000e\000n\000t\000i\000f\000i\000c\000a\000t\000i\000o\000n\000\040\000\050\000O\000K\000I\000D\000\051}{chapter.2}% 15
\BOOKMARK [1][-]{section.2.4}{\376\377\000S\000y\000s\000t\000e\000m\000\040\000R\000e\000a\000l\000i\000z\000a\000t\000i\000o\000n\000\040\000b\000y\000\040\000I\000n\000f\000o\000r\000m\000a\000t\000i\000o\000n\000\040\000M\000a\000t\000r\000i\000x\000\040\000\050\000S\000R\000I\000M\000\051}{chapter.2}% 16
\BOOKMARK [2][-]{subsection.2.4.1}{\376\377\000D\000i\000s\000c\000r\000e\000t\000e\000-\000T\000i\000m\000e\000\040\000S\000y\000s\000t\000e\000m\000\040\000M\000a\000t\000r\000i\000x\000\040\000E\000q\000u\000a\000t\000i\000o\000n}{section.2.4}% 17
\BOOKMARK [2][-]{subsection.2.4.2}{\376\377\000O\000b\000s\000e\000r\000v\000a\000b\000i\000l\000i\000t\000y\000\040\000M\000a\000t\000r\000i\000x\000\040\000f\000r\000o\000m\000\040\000I\000n\000f\000o\000r\000m\000a\000t\000i\000o\000n\000\040\000M\000a\000t\000r\000i\000x}{section.2.4}% 18
\BOOKMARK [2][-]{subsection.2.4.3}{\376\377\000S\000t\000a\000t\000e\000\040\000E\000q\000u\000a\000t\000i\000o\000n\000\040\000M\000a\000t\000r\000i\000c\000e\000s\000\040\000f\000r\000o\000m\000\040\000O\000b\000s\000e\000r\000v\000a\000b\000i\000l\000i\000t\000y\000\040\000M\000a\000t\000r\000i\000x}{section.2.4}% 19
\BOOKMARK [2][-]{subsection.2.4.4}{\376\377\000A\000p\000p\000e\000n\000d\000i\000x\000:\000\040\000M\000a\000n\000i\000p\000u\000l\000a\000t\000i\000o\000n\000\040\000o\000f\000\040\000d\000i\000s\000c\000r\000e\000t\000e\000-\000t\000i\000m\000e\000\040\000s\000y\000s\000t\000e\000m\000\040\000m\000a\000t\000r\000i\000x\000\040\000e\000q\000u\000a\000t\000i\000o\000n\000\040\000i\000n\000t\000o\000\040\000c\000o\000r\000r\000e\000l\000a\000t\000i\000o\000n\000\040\000m\000a\000t\000r\000i\000x\000\040\000r\000e\000l\000a\000t\000i\000o\000n\000s\000h\000i\000p\000s}{section.2.4}% 20
\BOOKMARK [0][-]{chapter.3}{\376\377\000E\000x\000a\000m\000p\000l\000e\000s}{}% 21
\BOOKMARK [1][-]{section.3.1}{\376\377\000O\000v\000e\000r\000v\000i\000e\000w\000\040\000o\000f\000\040\000t\000h\000e\000\040\000m\000d\000o\000f\000\040\000p\000a\000c\000k\000a\000g\000e}{chapter.3}% 22
\BOOKMARK [2][-]{subsection.3.1.1}{\376\377\000I\000n\000s\000t\000a\000l\000l\000a\000t\000i\000o\000n}{section.3.1}% 23
\BOOKMARK [2][-]{subsection.3.1.2}{\376\377\000I\000m\000p\000o\000r\000t}{section.3.1}% 24
\BOOKMARK [2][-]{subsection.3.1.3}{\376\377\000I\000n\000v\000e\000s\000t\000i\000g\000a\000t\000e\000\040\000S\000t\000r\000u\000c\000t\000u\000r\000a\000l\000\040\000V\000i\000b\000r\000a\000t\000i\000o\000n\000s}{section.3.1}% 25
\BOOKMARK [3][-]{subsubsection*.15}{\376\377\000I\000n\000v\000e\000r\000s\000e\000\040\000E\000i\000g\000e\000n\000a\000n\000a\000l\000y\000s\000i\000s\000\040\000w\000i\000t\000h\000\040\000m\000d\000o\000f\000.\000e\000i\000g\000i\000d\000\050\000\051}{subsection.3.1.3}% 26
\BOOKMARK [3][-]{subsubsection*.16}{\376\377\000S\000t\000a\000t\000e\000\040\000S\000p\000a\000c\000e\000\040\000R\000e\000a\000l\000i\000z\000a\000t\000i\000o\000n\000\040\000w\000i\000t\000h\000\040\000m\000d\000o\000f\000.\000s\000y\000s\000i\000d\000\050\000\051}{subsection.3.1.3}% 27
\BOOKMARK [3][-]{subsubsection*.17}{\376\377\000M\000o\000d\000a\000l\000\040\000E\000s\000t\000i\000m\000a\000t\000i\000o\000n\000\040\000w\000i\000t\000h\000\040\000m\000d\000o\000f\000.\000m\000o\000d\000e\000s\000\050\000\051}{subsection.3.1.3}% 28
\BOOKMARK [3][-]{subsubsection*.18}{\376\377\000S\000p\000e\000c\000t\000r\000a\000\040\000w\000i\000t\000h\000\040\000p\000o\000w\000e\000r\000\137\000t\000r\000a\000n\000s\000f\000e\000r\000\050\000\051\000\040\000a\000n\000d\000\040\000s\000p\000e\000c\000t\000r\000u\000m\000\137\000m\000o\000d\000e\000s\000\050\000\051}{subsection.3.1.3}% 29
\BOOKMARK [3][-]{subsubsection*.19}{\376\377\000S\000t\000a\000b\000l\000i\000z\000a\000t\000i\000o\000n\000\040\000D\000i\000a\000g\000r\000a\000m\000\040\000w\000i\000t\000h\000\040\000s\000t\000a\000b\000i\000l\000i\000z\000a\000t\000i\000o\000n\000\050\000\051}{subsection.3.1.3}% 30
\BOOKMARK [1][-]{section.3.2}{\376\377\000I\000n\000t\000r\000o\000d\000u\000c\000t\000i\000o\000n\000\040\000t\000o\000\040\000S\000I\000S\000O}{chapter.3}% 31
\BOOKMARK [2][-]{subsection.3.2.1}{\376\377\000D\000e\000f\000i\000n\000e\000\040\000a\000\040\000S\000D\000O\000F\000\040\000s\000y\000s\000t\000e\000m}{section.3.2}% 32
\BOOKMARK [2][-]{subsection.3.2.2}{\376\377\000P\000e\000r\000f\000o\000r\000m\000\040\000S\000y\000s\000t\000e\000m\000\040\000I\000d\000e\000n\000t\000i\000f\000i\000c\000a\000t\000i\000o\000n}{section.3.2}% 33
\BOOKMARK [3][-]{subsubsection*.20}{\376\377\000T\000r\000a\000n\000s\000f\000e\000r\000\040\000F\000u\000n\000c\000t\000i\000o\000n\000\040\000M\000e\000t\000h\000o\000d\000s}{subsection.3.2.2}% 34
\BOOKMARK [3][-]{subsubsection*.21}{\376\377\000S\000t\000a\000t\000e\000\040\000S\000p\000a\000c\000e\000\040\000M\000e\000t\000h\000o\000d\000s}{subsection.3.2.2}% 35
\BOOKMARK [2][-]{subsection.3.2.3}{\376\377\000B\000r\000e\000a\000k\000d\000o\000w\000n\000\040\000o\000f\000\040\000S\000t\000a\000t\000e\000\040\000S\000p\000a\000c\000e\000\040\000M\000e\000t\000h\000o\000d\000s}{section.3.2}% 36
\BOOKMARK [3][-]{subsubsection*.22}{\376\377\000G\000e\000n\000e\000r\000a\000l\000\040\000P\000a\000r\000a\000m\000e\000t\000e\000r\000s}{subsection.3.2.3}% 37
\BOOKMARK [3][-]{subsubsection*.23}{\376\377\000P\000a\000r\000a\000m\000e\000t\000e\000r\000s\000\040\000f\000o\000r\000\040\000M\000o\000d\000e\000\040\000V\000a\000l\000i\000d\000a\000t\000i\000o\000n}{subsection.3.2.3}% 38
\BOOKMARK [3][-]{subsubsection*.24}{\376\377\000M\000e\000t\000h\000o\000d\000\040\000I\000n\000p\000u\000t\000s}{subsection.3.2.3}% 39
\BOOKMARK [3][-]{subsubsection*.25}{\376\377\000S\000p\000e\000c\000i\000f\000i\000c\000\040\000t\000o\000\040\000O\000b\000s\000e\000r\000v\000e\000r\000\040\000K\000a\000l\000m\000a\000n\000\040\000I\000d\000e\000n\000t\000i\000f\000i\000c\000a\000t\000i\000o\000n\000\040\000\050\000O\000K\000I\000D\000\051}{subsection.3.2.3}% 40
\BOOKMARK [3][-]{subsubsection*.26}{\376\377\000S\000p\000e\000c\000i\000f\000i\000c\000\040\000t\000o\000\040\000E\000i\000g\000e\000n\000s\000y\000s\000t\000e\000m\000\040\000R\000e\000a\000l\000i\000z\000a\000t\000i\000o\000n\000\040\000A\000l\000g\000o\000r\000i\000t\000h\000m\000\040\000\050\000E\000R\000A\000\051}{subsection.3.2.3}% 41
\BOOKMARK [3][-]{subsubsection*.27}{\376\377\000O\000K\000I\000D\000-\000E\000R\000A}{subsection.3.2.3}% 42
\BOOKMARK [3][-]{subsubsection*.28}{\376\377\000S\000p\000e\000c\000i\000f\000i\000c\000\040\000t\000o\000\040\000D\000a\000t\000a\000\040\000C\000o\000r\000r\000e\000l\000a\000t\000i\000o\000n\000s\000\040\000\050\000D\000C\000\051}{subsection.3.2.3}% 43
\BOOKMARK [3][-]{subsubsection*.29}{\376\377\000O\000K\000I\000D\000-\000E\000R\000A\000-\000D\000C}{subsection.3.2.3}% 44
\BOOKMARK [3][-]{subsubsection*.30}{\376\377\000S\000p\000e\000c\000i\000f\000i\000c\000\040\000t\000o\000\040\000S\000y\000s\000t\000e\000m\000\040\000R\000e\000a\000l\000i\000z\000a\000t\000i\000o\000n\000\040\000w\000i\000t\000h\000\040\000I\000n\000f\000o\000r\000m\000a\000t\000i\000o\000n\000\040\000M\000a\000t\000r\000i\000x\000\040\000\050\000S\000R\000I\000M\000\051}{subsection.3.2.3}% 45
\BOOKMARK [3][-]{subsubsection*.31}{\376\377\000S\000R\000I\000M}{subsection.3.2.3}% 46
\BOOKMARK [3][-]{subsubsection*.32}{\376\377\000C\000o\000m\000p\000a\000r\000e\000\040\000M\000e\000t\000h\000o\000d\000s}{subsection.3.2.3}% 47
\BOOKMARK [1][-]{section.3.3}{\376\377\000S\000I\000S\000O\000\040\000f\000o\000r\000\040\000a\000\040\000G\000r\000o\000u\000n\000d\000\040\000M\000o\000t\000i\000o\000n\000\040\000E\000v\000e\000n\000t}{chapter.3}% 48
\BOOKMARK [2][-]{subsection.3.3.1}{\376\377\000U\000n\000k\000n\000o\000w\000n\000\040\000s\000y\000s\000t\000e\000m\000\040\000w\000i\000t\000h\000\040\000o\000n\000e\000\040\000i\000n\000p\000u\000t\000\040\000a\000n\000d\000\040\000o\000n\000e\000\040\000o\000u\000t\000p\000u\000t}{section.3.3}% 49
\BOOKMARK [2][-]{subsection.3.3.2}{\376\377\000C\000o\000n\000f\000i\000g\000u\000r\000e}{section.3.3}% 50
\BOOKMARK [3][-]{subsubsection*.33}{\376\377\000I\000n\000p\000u\000t\000s}{subsection.3.3.2}% 51
\BOOKMARK [3][-]{subsubsection*.34}{\376\377\000O\000u\000t\000p\000u\000t\000s}{subsection.3.3.2}% 52
\BOOKMARK [3][-]{subsubsection*.35}{\376\377\000M\000e\000t\000h\000o\000d}{subsection.3.3.2}% 53
\BOOKMARK [2][-]{subsection.3.3.3}{\376\377\000A\000n\000a\000l\000y\000s\000i\000s\000\040\000w\000i\000t\000h\000\040\000S\000y\000s\000t\000e\000m\000\040\000I\000d\000e\000n\000t\000i\000f\000i\000c\000a\000t\000i\000o\000n}{section.3.3}% 54
\BOOKMARK [3][-]{subsubsection*.36}{\376\377\000T\000r\000a\000n\000s\000f\000e\000r\000\040\000F\000u\000n\000c\000t\000i\000o\000n\000\040\000M\000e\000t\000h\000o\000d\000s}{subsection.3.3.3}% 55
\BOOKMARK [3][-]{subsubsection*.37}{\376\377\000S\000t\000a\000t\000e\000\040\000S\000p\000a\000c\000e\000\040\000M\000e\000t\000h\000o\000d\000s}{subsection.3.3.3}% 56
\BOOKMARK [3][-]{subsubsection*.38}{\376\377\000V\000i\000s\000u\000a\000l\000i\000z\000e\000\040\000T\000r\000a\000n\000s\000f\000e\000r\000\040\000F\000u\000n\000c\000t\000i\000o\000n\000s\000\040\000v\000s\000.\000\040\000S\000t\000a\000t\000e\000\040\000S\000p\000a\000c\000e\000\040\000M\000e\000t\000h\000o\000d\000d\000s}{subsection.3.3.3}% 57
\BOOKMARK [1][-]{section.3.4}{\376\377\000S\000I\000S\000O\000\040\000f\000o\000r\000\040\000E\000v\000e\000n\000t\000\040\000H\000i\000s\000t\000o\000r\000y}{chapter.3}% 58
\BOOKMARK [2][-]{subsection.3.4.1}{\376\377\000U\000p\000l\000o\000a\000d\000\040\000a\000\040\000D\000a\000t\000a\000s\000e\000t\000\040\000a\000n\000d\000\040\000I\000d\000e\000n\000t\000i\000f\000y\000\040\000S\000p\000e\000c\000t\000r\000a\000l\000\040\000Q\000u\000a\000n\000t\000i\000t\000i\000e\000s}{section.3.4}% 59
\BOOKMARK [3][-]{subsubsection*.39}{\376\377\000M\000e\000t\000h\000o\000d\000\040\000I\000n\000p\000u\000t\000s}{subsection.3.4.1}% 60
\BOOKMARK [3][-]{subsubsection*.40}{\376\377\000P\000e\000r\000f\000o\000r\000m\000\040\000S\000y\000s\000t\000e\000m\000\040\000I\000d\000e\000n\000t\000i\000f\000i\000c\000a\000t\000i\000o\000n}{subsection.3.4.1}% 61
\BOOKMARK [1][-]{section.3.5}{\376\377\000I\000n\000t\000r\000o\000d\000u\000c\000t\000i\000o\000n\000\040\000t\000o\000\040\000M\000I\000M\000O}{chapter.3}% 62
\BOOKMARK [2][-]{subsection.3.5.1}{\376\377\000U\000n\000k\000n\000o\000w\000n\000\040\000m\000u\000l\000t\000i\000-\000i\000n\000p\000u\000t\000,\000\040\000m\000u\000l\000t\000i\000-\000o\000u\000t\000p\000u\000t\000\040\000s\000y\000s\000t\000e\000m}{section.3.5}% 63
\BOOKMARK [2][-]{subsection.3.5.2}{\376\377\000C\000o\000n\000f\000i\000g\000u\000r\000e}{section.3.5}% 64
\BOOKMARK [3][-]{subsubsection*.41}{\376\377\000M\000e\000t\000h\000o\000d}{subsection.3.5.2}% 65
\BOOKMARK [2][-]{subsection.3.5.3}{\376\377\000A\000n\000a\000l\000y\000s\000i\000s\000\040\000w\000i\000t\000h\000\040\000S\000y\000s\000t\000e\000m\000\040\000I\000d\000e\000n\000t\000i\000f\000i\000c\000a\000t\000i\000o\000n}{section.3.5}% 66
\BOOKMARK [3][-]{subsubsection*.42}{\376\377\000M\000o\000d\000a\000l\000\040\000E\000s\000t\000i\000m\000a\000t\000i\000o\000n}{subsection.3.5.3}% 67
\BOOKMARK [3][-]{subsubsection*.43}{\376\377\000R\000e\000s\000p\000o\000n\000s\000e\000\040\000P\000r\000e\000d\000i\000c\000t\000i\000o\000n}{subsection.3.5.3}% 68
\BOOKMARK [1][-]{section.3.6}{\376\377\000M\000I\000M\000O\000\040\000f\000o\000r\000\040\000a\000\040\000G\000r\000o\000u\000n\000d\000\040\000M\000o\000t\000i\000o\000n\000\040\000E\000v\000e\000n\000t}{chapter.3}% 69
\BOOKMARK [2][-]{subsection.3.6.1}{\376\377\000C\000h\000o\000p\000r\000a\000\040\000S\000e\000c\000t\000i\000o\000n\000\040\0009\000.\0007}{section.3.6}% 70
\BOOKMARK [3][-]{subsubsection*.44}{\376\377\000P\000a\000r\000t\000i\000t\000i\000o\000n\000e\000d\000\040\000e\000q\000u\000a\000t\000i\000o\000n\000\040\000o\000f\000\040\000d\000y\000n\000a\000m\000i\000c\000\040\000e\000q\000u\000i\000l\000i\000b\000r\000i\000u\000m\000\040\000\050\000C\000h\000o\000p\000r\000a\000\040\000E\000q\000.\000\040\0009\000.\0007\000.\0001\000\051}{subsection.3.6.1}% 71
\BOOKMARK [3][-]{subsubsection*.45}{\376\377\000P\000r\000o\000b\000l\000e\000m\000\040\000S\000t\000a\000t\000e\000m\000e\000n\000t}{subsection.3.6.1}% 72
\BOOKMARK [3][-]{subsubsection*.46}{\376\377\000G\000e\000n\000e\000r\000a\000l\000\040\000e\000q\000u\000a\000t\000i\000o\000n\000\040\000o\000f\000\040\000m\000o\000t\000i\000o\000n\000\040\000f\000o\000r\000\040\000m\000u\000l\000t\000i\000p\000l\000e\000\040\000s\000u\000p\000p\000o\000r\000t\000\040\000e\000x\000c\000i\000t\000a\000t\000i\000o\000n}{subsection.3.6.1}% 73
\BOOKMARK [3][-]{subsubsection*.47}{\376\377\000E\000x\000a\000m\000p\000l\000e\000\040\0009\000.\0001\0000}{subsection.3.6.1}% 74
\BOOKMARK [3][-]{subsubsection*.48}{\376\377\000E\000q\000u\000a\000t\000i\000o\000n\000\040\000o\000f\000\040\000m\000o\000t\000i\000o\000n\000\040\000f\000o\000r\000\040\000c\000h\000o\000p\000r\000a\000\040\000e\000x\000a\000m\000p\000l\000e\000\040\0009\000.\0001\0000}{subsection.3.6.1}% 75
\BOOKMARK [3][-]{subsubsection*.49}{\376\377\000P\000l\000o\000t\000\040\000e\000x\000a\000m\000p\000l\000e\000\040\000i\000n\000p\000u\000t\000\040\000a\000n\000d\000\040\000o\000u\000t\000p\000u\000t\000\040\000m\000o\000t\000i\000o\000n\000s\000\040\000f\000o\000r\000\040\000c\000h\000o\000p\000r\000a\000\040\000e\000x\000a\000m\000p\000l\000e\000\040\0009\000.\0001\0000}{subsection.3.6.1}% 76
\BOOKMARK [3][-]{subsubsection*.50}{\376\377\000P\000a\000r\000a\000m\000e\000t\000e\000r\000i\000z\000a\000t\000i\000o\000n\000\040\000o\000f\000\040\000i\000n\000p\000u\000t\000s\000\040\000a\000n\000d\000\040\000o\000u\000t\000p\000u\000t\000s\000\040\000f\000o\000r\000\040\000O\000K\000I\000D\000-\000E\000R\000A\000\040\000a\000n\000d\000\040\000S\000R\000I\000M}{subsection.3.6.1}% 77
\BOOKMARK [2][-]{subsection.3.6.2}{\376\377\000C\000o\000n\000t\000i\000n\000u\000o\000u\000s\000\040\000v\000s\000\040\000D\000i\000s\000c\000r\000e\000t\000e}{section.3.6}% 78
\BOOKMARK [2][-]{subsection.3.6.3}{\376\377\000T\000r\000a\000j\000e\000c\000t\000o\000r\000i\000e\000s}{section.3.6}% 79
\BOOKMARK [2][-]{subsection.3.6.4}{\376\377\000E\000R\000A}{section.3.6}% 80
\BOOKMARK [1][-]{section.3.7}{\376\377\000M\000I\000M\000O\000\040\000f\000o\000r\000\040\000E\000v\000e\000n\000t\000\040\000H\000i\000s\000t\000o\000r\000y}{chapter.3}% 81
\BOOKMARK [2][-]{subsection.3.7.1}{\376\377\000D\000a\000t\000a\000\040\000i\000n\000p\000u\000t\000s}{section.3.7}% 82
\BOOKMARK [2][-]{subsection.3.7.2}{\376\377\000M\000e\000t\000h\000o\000d\000\040\000I\000n\000p\000u\000t\000s}{section.3.7}% 83
\BOOKMARK [2][-]{subsection.3.7.3}{\376\377\000G\000e\000n\000e\000r\000a\000l\000\040\000P\000a\000r\000a\000m\000e\000t\000e\000r\000s}{section.3.7}% 84
\BOOKMARK [2][-]{subsection.3.7.4}{\376\377\000S\000p\000e\000c\000i\000f\000i\000c\000\040\000t\000o\000\040\000O\000b\000s\000e\000r\000v\000e\000r\000\040\000K\000a\000l\000m\000a\000n\000\040\000I\000d\000e\000n\000t\000i\000f\000i\000c\000a\000t\000i\000o\000n\000\040\000\050\000O\000K\000I\000D\000\051}{section.3.7}% 85
\BOOKMARK [2][-]{subsection.3.7.5}{\376\377\000S\000p\000e\000c\000i\000f\000i\000c\000\040\000t\000o\000\040\000E\000i\000g\000e\000n\000s\000y\000s\000t\000e\000m\000\040\000R\000e\000a\000l\000i\000z\000a\000t\000i\000o\000n\000\040\000A\000l\000g\000o\000r\000i\000t\000h\000m\000\040\000\050\000E\000R\000A\000\051}{section.3.7}% 86
\BOOKMARK [2][-]{subsection.3.7.6}{\376\377\000S\000p\000e\000c\000i\000f\000i\000c\000\040\000t\000o\000\040\000D\000a\000t\000a\000\040\000C\000o\000r\000r\000e\000l\000a\000t\000i\000o\000n\000s\000\040\000\050\000D\000C\000\051}{section.3.7}% 87
\BOOKMARK [2][-]{subsection.3.7.7}{\376\377\000S\000p\000e\000c\000i\000f\000i\000c\000\040\000t\000o\000\040\000S\000y\000s\000t\000e\000m\000\040\000R\000e\000a\000l\000i\000z\000a\000t\000i\000o\000n\000\040\000w\000i\000t\000h\000\040\000I\000n\000f\000o\000r\000m\000a\000t\000i\000o\000n\000\040\000M\000a\000t\000r\000i\000x\000\040\000\050\000S\000R\000I\000M\000\051}{section.3.7}% 88
\BOOKMARK [2][-]{subsection.3.7.8}{\376\377\000P\000a\000r\000a\000m\000e\000t\000e\000r\000s\000\040\000f\000o\000r\000\040\000M\000o\000d\000e\000\040\000V\000a\000l\000i\000d\000a\000t\000i\000o\000n}{section.3.7}% 89
\BOOKMARK [0][-]{section*.51}{\376\377\000P\000y\000t\000h\000o\000n\000\040\000M\000o\000d\000u\000l\000e\000\040\000I\000n\000d\000e\000x}{}% 90
